<?xml version="1.0" encoding="UTF-8"?>
<testng-results ignored="0" total="1" passed="1" failed="0" skipped="0">
  <reporter-output>
  </reporter-output>
  <suite started-at="2021-12-22T22:32:45 IST" name="Default suite" finished-at="2021-12-22T22:33:00 IST" duration-ms="15058">
    <groups>
    </groups>
    <test started-at="2021-12-22T22:32:45 IST" name="Default test" finished-at="2021-12-22T22:33:00 IST" duration-ms="15058">
      <class name="Automation.SeleniumProject.HomePage">
        <test-method signature="loginToQAClickAcadamy()[pri:0, instance:Automation.SeleniumProject.HomePage@2abf4075]" started-at="2021-12-22T22:32:45 IST" name="loginToQAClickAcadamy" finished-at="2021-12-22T22:33:00 IST" duration-ms="15029" status="PASS">
          <reporter-output>
          </reporter-output>
        </test-method> <!-- loginToQAClickAcadamy -->
      </class> <!-- Automation.SeleniumProject.HomePage -->
    </test> <!-- Default test -->
  </suite> <!-- Default suite -->
</testng-results>
